AI Response:
```json
[
  {
    "year_level": "FIRST YEAR",
    "semester": "1st Semester",
    "code": "GEED 032",
    "title": "Filipinolohiya at Pambansang Kaunlaran",
    "units": 3,
    "prereq": "",
    

Failed to extract JSON array. Extracted:
null2026-06-12T15:38:18.026Z - AI Response (attempt 1):
```json
[
  {
    "year_level": "FIRST YEAR",
    "semester": "1st Semester",
    "code": "GEED 032",
    "title": "Filipinolohiya at Pambansang Kaunlaran",
    "units": 3,
    "prereq": "",
    

2026-06-12T15:38:18.033Z - Failed to extract JSON array on attempt 1. Extracted: null

2026-06-12T15:38:29.186Z - AI Response (attempt 2):
```json
[
  {
    "year_level": "FIRST YEAR",
    "semester": "1st Semester",
    "code": "GEED 032",
    "title": "Filipinolohiya at Pambansang Kaunlaran",
    "units": 3,
    "prereq": "",
    

2026-06-12T15:38:29.199Z - Failed to extract JSON array on attempt 2. Extracted: null

2026-06-12T15:38:40.385Z - AI Response (attempt 3):
```json
[
  {
    "year_level": "FIRST YEAR",
    "semester": "1st Semester",
    "code": "GEED 032",
    "title": "Filipinolohiya at Pambansang Kaunlaran",
    "units": 3,
    "prereq": "",
    

2026-06-12T15:38:40.387Z - Failed to extract JSON array on attempt 3. Extracted: null

